<?xml version="1.0" encoding="UTF-8"?><testsuite errors="3" failures="2" name="Probar las Busqueda en Dafiti" skipped="0" tests="5" time="79.65" timestamp="2021-12-24 12:52:21"><testcase name="Buscar Productos en Dafiti"><error message="Arity mismatch: Step Definition 'task.BusquedaProductoStepsDefinitions.validoResultados(String) in file:/C:/Users/Jorge/Desktop/RetoDafiti/build/classes/java/test/' with pattern [^Obtengo y Valido los Resultados$] is declared with 1 parameters. However, the gherkin step has 0 arguments []. &#10;Step text: Obtengo y Valido los Resultados" type="cucumber.runtime.CucumberException">Arity mismatch: Step Definition 'task.BusquedaProductoStepsDefinitions.validoResultados(String) in file:/C:/Users/Jorge/Desktop/RetoDafiti/build/classes/java/test/' with pattern [^Obtengo y Valido los Resultados$] is declared with 1 parameters. However, the gherkin step has 0 arguments []. 
Step text: Obtengo y Valido los Resultados</error><system-err>Arity mismatch: Step Definition 'task.BusquedaProductoStepsDefinitions.validoResultados(String) in file:/C:/Users/Jorge/Desktop/RetoDafiti/build/classes/java/test/' with pattern [^Obtengo y Valido los Resultados$] is declared with 1 parameters. However, the gherkin step has 0 arguments []. 
Step text: Obtengo y Valido los Resultados&#13;
cucumber.runner.Runner.runPickle(Runner.java:80)&#13;
</system-err></testcase></testsuite>